d:\project\bin\intermediateswin32\debug\vc143.pdb
d:\project\bin\intermediateswin32\debug\vc143.idb
d:\project\bin\intermediateswin32\debug\imgui_widgets.obj
d:\project\bin\intermediateswin32\debug\imgui_tables.obj
d:\project\bin\intermediateswin32\debug\imgui_impl_opengl3.obj
d:\project\bin\intermediateswin32\debug\imgui_impl_glfw.obj
d:\project\bin\intermediateswin32\debug\imgui_draw.obj
d:\project\bin\intermediateswin32\debug\imgui_demo.obj
d:\project\bin\intermediateswin32\debug\imgui.obj
d:\project\bin\intermediateswin32\debug\main.obj
d:\project\bin\intermediateswin32\debug\outlet.ilk
d:\project\bin\win32\debug\outlet.exe
d:\project\bin\win32\debug\outlet.pdb
d:\project\bin\intermediateswin32\debug\project.vcxproj.filelistabsolute.txt
d:\project\bin\intermediateswin32\debug\outlet.tlog\cl.read.1.tlog
d:\project\bin\intermediateswin32\debug\outlet.tlog\cl.write.1.tlog
d:\project\bin\intermediateswin32\debug\outlet.tlog\cl.command.1.tlog
d:\project\bin\intermediateswin32\debug\outlet.tlog\link.read.1.tlog
d:\project\bin\intermediateswin32\debug\outlet.tlog\link.write.1.tlog
d:\project\bin\intermediateswin32\debug\outlet.tlog\link.command.1.tlog
