c:\users\andre\desktop\project\bin\intermediateswin32\debug\vc143.pdb
c:\users\andre\desktop\project\bin\intermediateswin32\debug\vc143.idb
c:\users\andre\desktop\project\bin\intermediateswin32\debug\imgui_widgets.obj
c:\users\andre\desktop\project\bin\intermediateswin32\debug\imgui_tables.obj
c:\users\andre\desktop\project\bin\intermediateswin32\debug\imgui_impl_opengl3.obj
c:\users\andre\desktop\project\bin\intermediateswin32\debug\imgui_impl_glfw.obj
c:\users\andre\desktop\project\bin\intermediateswin32\debug\imgui_draw.obj
c:\users\andre\desktop\project\bin\intermediateswin32\debug\imgui_demo.obj
c:\users\andre\desktop\project\bin\intermediateswin32\debug\imgui.obj
c:\users\andre\desktop\project\bin\intermediateswin32\debug\main.obj
c:\users\andre\desktop\project\bin\win32\debug\project.exe
c:\users\andre\desktop\project\bin\intermediateswin32\debug\project.ilk
c:\users\andre\desktop\project\bin\win32\debug\project.pdb
d:\project\bin\intermediateswin32\debug\imgui.obj
d:\project\bin\intermediateswin32\debug\imgui_demo.obj
d:\project\bin\intermediateswin32\debug\imgui_draw.obj
d:\project\bin\intermediateswin32\debug\imgui_impl_glfw.obj
d:\project\bin\intermediateswin32\debug\imgui_impl_opengl3.obj
d:\project\bin\intermediateswin32\debug\imgui_tables.obj
d:\project\bin\intermediateswin32\debug\imgui_widgets.obj
d:\project\bin\intermediateswin32\debug\main.obj
d:\project\bin\intermediateswin32\debug\project.ilk
d:\project\bin\intermediateswin32\debug\vc143.idb
d:\project\bin\intermediateswin32\debug\vc143.pdb
d:\project\bin\win32\debug\project.pdb
d:\project\bin\win32\debug\project.exe
d:\project\bin\intermediateswin32\debug\project.vcxproj.filelistabsolute.txt
d:\project\bin\intermediateswin32\debug\project.tlog\cl.command.1.tlog
d:\project\bin\intermediateswin32\debug\project.tlog\cl.read.1.tlog
d:\project\bin\intermediateswin32\debug\project.tlog\cl.write.1.tlog
d:\project\bin\intermediateswin32\debug\project.tlog\link.command.1.tlog
d:\project\bin\intermediateswin32\debug\project.tlog\link.read.1.tlog
d:\project\bin\intermediateswin32\debug\project.tlog\link.write.1.tlog
